Plan hash value: 485619802
 
------------------------------------------------------------------------------------------------------
| Id  | Operation                      | Name                | Rows  | Bytes | Cost (%CPU)| Time     |
------------------------------------------------------------------------------------------------------
|   0 | SELECT STATEMENT               |                     |     1 |    14 |     6  (17)| 00:00:01 |
|   1 |  HASH GROUP BY                 |                     |     1 |    14 |     6  (17)| 00:00:01 |
|   2 |   NESTED LOOPS                 |                     |     1 |    14 |     4   (0)| 00:00:01 |
|*  3 |    TABLE ACCESS FULL           | ORDERITEM           |     1 |     6 |     3   (0)| 00:00:01 |
|   4 |     TABLE ACCESS BY INDEX ROWID| PRODUCT             |     1 |   516 |     1   (0)| 00:00:01 |
|*  5 |      INDEX UNIQUE SCAN         | SYS_C002976529      |     1 |       |     0   (0)| 00:00:01 |
|*  6 |    INDEX RANGE SCAN            | ORDER_ORDERITEM_IDX |     1 |     8 |     1   (0)| 00:00:01 |
------------------------------------------------------------------------------------------------------
 
Predicate Information (identified by operation id):
---------------------------------------------------
 
"   3 - filter(""ORDERITEM"".""PRODUCT_ID""= (SELECT ""ID"" FROM ""PRODUCT"" ""PRODUCT"" WHERE "
"              ""NAME""='Sofa'))"
"   5 - access(""NAME""='Sofa')"
"   6 - access(""ORDERITEM"".""ORDER_ID""=""Order"".""ID"")"
